00:02:11  [main] 	Initializing Control Panel
00:02:11  [main] 	Windows Version:  Enterprise  64-bit
00:02:11  [main] 	XAMPP Version: 7.4.25
00:02:11  [main] 	Control Panel Version: 3.3.0  [ Compiled: Apr 6th 2021 ]
00:02:11  [main] 	You are not running with administrator rights! This will work for
00:02:11  [main] 	most application stuff but whenever you do something with services
00:02:11  [main] 	there will be a security dialogue or things will break! So think 
00:02:11  [main] 	about running this application with administrator rights!
00:02:11  [main] 	XAMPP Installation Directory: "c:\users\ismael\desktop\projeto trabalhooooo\projetoinfosis\back-end\xamppserver\"
00:02:11  [main] 	WARNING: Your install directory contains spaces.  This may break programs/scripts
00:02:11  [main] 	Checking for prerequisites
00:02:11  [main] 	All prerequisites found
00:02:11  [main] 	Initializing Modules
00:02:11  [main] 	The FileZilla module is disabled
00:02:11  [main] 	The Mercury module is disabled
00:02:11  [main] 	Starting Check-Timer
00:02:11  [main] 	Control Panel Ready
00:03:01  [Apache] 	Status change detected: stopped
00:03:01  [Apache] 	Error: Apache shutdown unexpectedly.
00:03:01  [Apache] 	This may be due to a blocked port, missing dependencies, 
00:03:01  [Apache] 	improper privileges, a crash, or a shutdown by another method.
00:03:01  [Apache] 	Press the Logs button to view error logs and check
00:03:01  [Apache] 	the Windows Event Viewer for more clues
00:03:01  [Apache] 	If you need more help, copy and post this
00:03:01  [Apache] 	entire log window on the forums
00:03:06  [mysql] 	Attempting to stop MySQL app...
00:03:06  [mysql] 	Status change detected: stopped
00:03:16  [Apache] 	Status change detected: running
00:03:16  [mysql] 	Status change detected: running
00:04:27  [mysql] 	Status change detected: stopped
00:04:28  [mysql] 	Status change detected: running
00:05:28  [Apache] 	Status change detected: stopped
00:05:28  [Apache] 	Error: Apache shutdown unexpectedly.
00:05:28  [Apache] 	This may be due to a blocked port, missing dependencies, 
00:05:28  [Apache] 	improper privileges, a crash, or a shutdown by another method.
00:05:28  [Apache] 	Press the Logs button to view error logs and check
00:05:28  [Apache] 	the Windows Event Viewer for more clues
00:05:28  [Apache] 	If you need more help, copy and post this
00:05:28  [Apache] 	entire log window on the forums
00:05:29  [mysql] 	Status change detected: stopped
00:09:08  [Apache] 	Status change detected: running
00:09:08  [mysql] 	Status change detected: running
00:09:40  [Apache] 	Status change detected: stopped
00:09:40  [Apache] 	Error: Apache shutdown unexpectedly.
00:09:40  [Apache] 	This may be due to a blocked port, missing dependencies, 
00:09:40  [Apache] 	improper privileges, a crash, or a shutdown by another method.
00:09:40  [Apache] 	Press the Logs button to view error logs and check
00:09:40  [Apache] 	the Windows Event Viewer for more clues
00:09:40  [Apache] 	If you need more help, copy and post this
00:09:40  [Apache] 	entire log window on the forums
00:09:45  [Apache] 	Status change detected: running
00:13:29  [Apache] 	Status change detected: stopped
00:13:29  [Apache] 	Error: Apache shutdown unexpectedly.
00:13:29  [Apache] 	This may be due to a blocked port, missing dependencies, 
00:13:29  [Apache] 	improper privileges, a crash, or a shutdown by another method.
00:13:29  [Apache] 	Press the Logs button to view error logs and check
00:13:29  [Apache] 	the Windows Event Viewer for more clues
00:13:29  [Apache] 	If you need more help, copy and post this
00:13:30  [Apache] 	entire log window on the forums
00:13:36  [mysql] 	Status change detected: stopped
00:20:21  [Apache] 	Status change detected: running
00:20:21  [mysql] 	Status change detected: running
00:22:13  [mysql] 	Status change detected: stopped
00:22:30  [Apache] 	Status change detected: stopped
00:22:30  [Apache] 	Error: Apache shutdown unexpectedly.
00:22:30  [Apache] 	This may be due to a blocked port, missing dependencies, 
00:22:30  [Apache] 	improper privileges, a crash, or a shutdown by another method.
00:22:30  [Apache] 	Press the Logs button to view error logs and check
00:22:30  [Apache] 	the Windows Event Viewer for more clues
00:22:30  [Apache] 	If you need more help, copy and post this
00:22:30  [Apache] 	entire log window on the forums
00:22:40  [Apache] 	Status change detected: running
00:22:40  [mysql] 	Status change detected: running
00:24:31  [Apache] 	Status change detected: stopped
00:24:31  [Apache] 	Error: Apache shutdown unexpectedly.
00:24:31  [Apache] 	This may be due to a blocked port, missing dependencies, 
00:24:31  [Apache] 	improper privileges, a crash, or a shutdown by another method.
00:24:31  [Apache] 	Press the Logs button to view error logs and check
00:24:31  [Apache] 	the Windows Event Viewer for more clues
00:24:31  [Apache] 	If you need more help, copy and post this
00:24:31  [Apache] 	entire log window on the forums
00:39:35  [Apache] 	Status change detected: running
00:43:29  [Apache] 	Status change detected: stopped
00:43:29  [Apache] 	Error: Apache shutdown unexpectedly.
00:43:29  [Apache] 	This may be due to a blocked port, missing dependencies, 
00:43:29  [Apache] 	improper privileges, a crash, or a shutdown by another method.
00:43:29  [Apache] 	Press the Logs button to view error logs and check
00:43:29  [Apache] 	the Windows Event Viewer for more clues
00:43:29  [Apache] 	If you need more help, copy and post this
00:43:29  [Apache] 	entire log window on the forums
00:43:52  [Apache] 	Status change detected: running
00:45:11  [Apache] 	Status change detected: stopped
00:45:11  [Apache] 	Error: Apache shutdown unexpectedly.
00:45:11  [Apache] 	This may be due to a blocked port, missing dependencies, 
00:45:11  [Apache] 	improper privileges, a crash, or a shutdown by another method.
00:45:11  [Apache] 	Press the Logs button to view error logs and check
00:45:11  [Apache] 	the Windows Event Viewer for more clues
00:45:11  [Apache] 	If you need more help, copy and post this
00:45:11  [Apache] 	entire log window on the forums
00:45:11  [mysql] 	Status change detected: stopped
00:46:46  [Apache] 	Status change detected: running
00:46:46  [mysql] 	Status change detected: running
00:47:14  [Apache] 	Status change detected: stopped
00:47:14  [Apache] 	Error: Apache shutdown unexpectedly.
00:47:14  [Apache] 	This may be due to a blocked port, missing dependencies, 
00:47:14  [Apache] 	improper privileges, a crash, or a shutdown by another method.
00:47:14  [Apache] 	Press the Logs button to view error logs and check
00:47:15  [Apache] 	the Windows Event Viewer for more clues
00:47:15  [Apache] 	If you need more help, copy and post this
00:47:15  [Apache] 	entire log window on the forums
00:47:16  [mysql] 	Status change detected: stopped
00:47:50  [Apache] 	Status change detected: running
00:47:50  [mysql] 	Status change detected: running
00:48:22  [Apache] 	Status change detected: stopped
00:48:22  [Apache] 	Error: Apache shutdown unexpectedly.
00:48:22  [Apache] 	This may be due to a blocked port, missing dependencies, 
00:48:22  [Apache] 	improper privileges, a crash, or a shutdown by another method.
00:48:22  [Apache] 	Press the Logs button to view error logs and check
00:48:22  [Apache] 	the Windows Event Viewer for more clues
00:48:22  [Apache] 	If you need more help, copy and post this
00:48:22  [Apache] 	entire log window on the forums
00:48:25  [mysql] 	Status change detected: stopped
00:49:31  [Apache] 	Status change detected: running
00:49:31  [mysql] 	Status change detected: running
00:50:31  [Apache] 	Status change detected: stopped
00:50:31  [Apache] 	Error: Apache shutdown unexpectedly.
00:50:31  [Apache] 	This may be due to a blocked port, missing dependencies, 
00:50:31  [Apache] 	improper privileges, a crash, or a shutdown by another method.
00:50:31  [Apache] 	Press the Logs button to view error logs and check
00:50:31  [Apache] 	the Windows Event Viewer for more clues
00:50:31  [Apache] 	If you need more help, copy and post this
00:50:31  [Apache] 	entire log window on the forums
00:51:44  [mysql] 	Status change detected: stopped
00:55:18  [Apache] 	Status change detected: running
00:55:18  [mysql] 	Status change detected: running
00:55:58  [Apache] 	Status change detected: stopped
00:55:58  [Apache] 	Error: Apache shutdown unexpectedly.
00:55:58  [Apache] 	This may be due to a blocked port, missing dependencies, 
00:55:58  [Apache] 	improper privileges, a crash, or a shutdown by another method.
00:55:58  [Apache] 	Press the Logs button to view error logs and check
00:55:58  [Apache] 	the Windows Event Viewer for more clues
00:55:58  [Apache] 	If you need more help, copy and post this
00:55:58  [Apache] 	entire log window on the forums
00:56:02  [mysql] 	Status change detected: stopped
00:56:52  [Apache] 	Status change detected: running
00:56:52  [mysql] 	Status change detected: running
00:58:28  [Apache] 	Status change detected: stopped
00:58:28  [Apache] 	Error: Apache shutdown unexpectedly.
00:58:28  [Apache] 	This may be due to a blocked port, missing dependencies, 
00:58:28  [Apache] 	improper privileges, a crash, or a shutdown by another method.
00:58:28  [Apache] 	Press the Logs button to view error logs and check
00:58:28  [Apache] 	the Windows Event Viewer for more clues
00:58:28  [Apache] 	If you need more help, copy and post this
00:58:28  [Apache] 	entire log window on the forums
00:58:36  [mysql] 	Status change detected: stopped
00:58:52  [main] 	Deinitializing Modules
00:58:52  [main] 	Deinitializing Control Panel

00:09:08  [main] 	Initializing Control Panel
00:09:08  [main] 	Windows Version:  Enterprise  64-bit
00:09:08  [main] 	XAMPP Version: 7.4.25
00:09:08  [main] 	Control Panel Version: 3.3.0  [ Compiled: Apr 6th 2021 ]
00:09:08  [main] 	You are not running with administrator rights! This will work for
00:09:08  [main] 	most application stuff but whenever you do something with services
00:09:08  [main] 	there will be a security dialogue or things will break! So think 
00:09:08  [main] 	about running this application with administrator rights!
00:09:08  [main] 	XAMPP Installation Directory: "c:\users\ismael\desktop\projeto trabalhooooo\projetoinfosis\back-end\xamppserver\"
00:09:08  [main] 	WARNING: Your install directory contains spaces.  This may break programs/scripts
00:09:08  [main] 	Checking for prerequisites
00:09:08  [main] 	All prerequisites found
00:09:08  [main] 	Initializing Modules
00:09:08  [main] 	The FileZilla module is disabled
00:09:08  [main] 	The Mercury module is disabled
00:09:08  [main] 	Starting Check-Timer
00:09:08  [main] 	Control Panel Ready
00:09:40  [Apache] 	Status change detected: stopped
00:09:40  [Apache] 	Error: Apache shutdown unexpectedly.
00:09:40  [Apache] 	This may be due to a blocked port, missing dependencies, 
00:09:40  [Apache] 	improper privileges, a crash, or a shutdown by another method.
00:09:40  [Apache] 	Press the Logs button to view error logs and check
00:09:40  [Apache] 	the Windows Event Viewer for more clues
00:09:40  [Apache] 	If you need more help, copy and post this
00:09:40  [Apache] 	entire log window on the forums
00:09:45  [Apache] 	Status change detected: running
00:13:29  [Apache] 	Status change detected: stopped
00:13:29  [Apache] 	Error: Apache shutdown unexpectedly.
00:13:29  [Apache] 	This may be due to a blocked port, missing dependencies, 
00:13:29  [Apache] 	improper privileges, a crash, or a shutdown by another method.
00:13:29  [Apache] 	Press the Logs button to view error logs and check
00:13:29  [Apache] 	the Windows Event Viewer for more clues
00:13:29  [Apache] 	If you need more help, copy and post this
00:13:30  [Apache] 	entire log window on the forums
00:13:36  [mysql] 	Status change detected: stopped
00:13:36  [mysql] 	Error: MySQL shutdown unexpectedly.
00:13:36  [mysql] 	This may be due to a blocked port, missing dependencies, 
00:13:36  [mysql] 	improper privileges, a crash, or a shutdown by another method.
00:13:36  [mysql] 	Press the Logs button to view error logs and check
00:13:36  [mysql] 	the Windows Event Viewer for more clues
00:13:36  [mysql] 	If you need more help, copy and post this
00:13:36  [mysql] 	entire log window on the forums
00:20:21  [Apache] 	Status change detected: running
00:20:21  [mysql] 	Status change detected: running
00:22:13  [mysql] 	Status change detected: stopped
00:22:13  [mysql] 	Error: MySQL shutdown unexpectedly.
00:22:14  [mysql] 	This may be due to a blocked port, missing dependencies, 
00:22:14  [mysql] 	improper privileges, a crash, or a shutdown by another method.
00:22:14  [mysql] 	Press the Logs button to view error logs and check
00:22:14  [mysql] 	the Windows Event Viewer for more clues
00:22:14  [mysql] 	If you need more help, copy and post this
00:22:14  [mysql] 	entire log window on the forums
00:22:30  [Apache] 	Status change detected: stopped
00:22:30  [Apache] 	Error: Apache shutdown unexpectedly.
00:22:30  [Apache] 	This may be due to a blocked port, missing dependencies, 
00:22:30  [Apache] 	improper privileges, a crash, or a shutdown by another method.
00:22:30  [Apache] 	Press the Logs button to view error logs and check
00:22:30  [Apache] 	the Windows Event Viewer for more clues
00:22:30  [Apache] 	If you need more help, copy and post this
00:22:30  [Apache] 	entire log window on the forums
00:22:40  [Apache] 	Status change detected: running
00:22:40  [mysql] 	Status change detected: running
00:24:31  [Apache] 	Status change detected: stopped
00:24:31  [Apache] 	Error: Apache shutdown unexpectedly.
00:24:31  [Apache] 	This may be due to a blocked port, missing dependencies, 
00:24:31  [Apache] 	improper privileges, a crash, or a shutdown by another method.
00:24:31  [Apache] 	Press the Logs button to view error logs and check
00:24:31  [Apache] 	the Windows Event Viewer for more clues
00:24:31  [Apache] 	If you need more help, copy and post this
00:24:31  [Apache] 	entire log window on the forums
00:39:35  [Apache] 	Status change detected: running
00:43:29  [Apache] 	Status change detected: stopped
00:43:29  [Apache] 	Error: Apache shutdown unexpectedly.
00:43:29  [Apache] 	This may be due to a blocked port, missing dependencies, 
00:43:29  [Apache] 	improper privileges, a crash, or a shutdown by another method.
00:43:29  [Apache] 	Press the Logs button to view error logs and check
00:43:29  [Apache] 	the Windows Event Viewer for more clues
00:43:29  [Apache] 	If you need more help, copy and post this
00:43:29  [Apache] 	entire log window on the forums
00:43:52  [Apache] 	Status change detected: running
00:45:11  [Apache] 	Status change detected: stopped
00:45:11  [Apache] 	Error: Apache shutdown unexpectedly.
00:45:11  [Apache] 	This may be due to a blocked port, missing dependencies, 
00:45:11  [Apache] 	improper privileges, a crash, or a shutdown by another method.
00:45:11  [Apache] 	Press the Logs button to view error logs and check
00:45:11  [Apache] 	the Windows Event Viewer for more clues
00:45:11  [Apache] 	If you need more help, copy and post this
00:45:11  [Apache] 	entire log window on the forums
00:45:11  [mysql] 	Status change detected: stopped
00:45:11  [mysql] 	Error: MySQL shutdown unexpectedly.
00:45:11  [mysql] 	This may be due to a blocked port, missing dependencies, 
00:45:11  [mysql] 	improper privileges, a crash, or a shutdown by another method.
00:45:11  [mysql] 	Press the Logs button to view error logs and check
00:45:11  [mysql] 	the Windows Event Viewer for more clues
00:45:11  [mysql] 	If you need more help, copy and post this
00:45:11  [mysql] 	entire log window on the forums
00:46:46  [Apache] 	Status change detected: running
00:46:46  [mysql] 	Status change detected: running
00:47:14  [Apache] 	Status change detected: stopped
00:47:14  [Apache] 	Error: Apache shutdown unexpectedly.
00:47:14  [Apache] 	This may be due to a blocked port, missing dependencies, 
00:47:14  [Apache] 	improper privileges, a crash, or a shutdown by another method.
00:47:15  [Apache] 	Press the Logs button to view error logs and check
00:47:15  [Apache] 	the Windows Event Viewer for more clues
00:47:15  [Apache] 	If you need more help, copy and post this
00:47:15  [Apache] 	entire log window on the forums
00:47:16  [mysql] 	Status change detected: stopped
00:47:16  [mysql] 	Error: MySQL shutdown unexpectedly.
00:47:16  [mysql] 	This may be due to a blocked port, missing dependencies, 
00:47:16  [mysql] 	improper privileges, a crash, or a shutdown by another method.
00:47:16  [mysql] 	Press the Logs button to view error logs and check
00:47:17  [mysql] 	the Windows Event Viewer for more clues
00:47:17  [mysql] 	If you need more help, copy and post this
00:47:17  [mysql] 	entire log window on the forums
00:47:50  [Apache] 	Status change detected: running
00:47:50  [mysql] 	Status change detected: running
00:48:22  [Apache] 	Status change detected: stopped
00:48:22  [Apache] 	Error: Apache shutdown unexpectedly.
00:48:22  [Apache] 	This may be due to a blocked port, missing dependencies, 
00:48:22  [Apache] 	improper privileges, a crash, or a shutdown by another method.
00:48:22  [Apache] 	Press the Logs button to view error logs and check
00:48:22  [Apache] 	the Windows Event Viewer for more clues
00:48:22  [Apache] 	If you need more help, copy and post this
00:48:22  [Apache] 	entire log window on the forums
00:48:25  [mysql] 	Status change detected: stopped
00:48:25  [mysql] 	Error: MySQL shutdown unexpectedly.
00:48:25  [mysql] 	This may be due to a blocked port, missing dependencies, 
00:48:25  [mysql] 	improper privileges, a crash, or a shutdown by another method.
00:48:25  [mysql] 	Press the Logs button to view error logs and check
00:48:25  [mysql] 	the Windows Event Viewer for more clues
00:48:25  [mysql] 	If you need more help, copy and post this
00:48:25  [mysql] 	entire log window on the forums
00:49:31  [Apache] 	Status change detected: running
00:49:31  [mysql] 	Status change detected: running
00:50:31  [Apache] 	Status change detected: stopped
00:50:31  [Apache] 	Error: Apache shutdown unexpectedly.
00:50:31  [Apache] 	This may be due to a blocked port, missing dependencies, 
00:50:31  [Apache] 	improper privileges, a crash, or a shutdown by another method.
00:50:31  [Apache] 	Press the Logs button to view error logs and check
00:50:31  [Apache] 	the Windows Event Viewer for more clues
00:50:31  [Apache] 	If you need more help, copy and post this
00:50:31  [Apache] 	entire log window on the forums
00:51:44  [mysql] 	Status change detected: stopped
00:51:44  [mysql] 	Error: MySQL shutdown unexpectedly.
00:51:44  [mysql] 	This may be due to a blocked port, missing dependencies, 
00:51:44  [mysql] 	improper privileges, a crash, or a shutdown by another method.
00:51:44  [mysql] 	Press the Logs button to view error logs and check
00:51:44  [mysql] 	the Windows Event Viewer for more clues
00:51:44  [mysql] 	If you need more help, copy and post this
00:51:44  [mysql] 	entire log window on the forums
00:55:18  [Apache] 	Status change detected: running
00:55:18  [mysql] 	Status change detected: running
00:55:58  [Apache] 	Status change detected: stopped
00:55:58  [Apache] 	Error: Apache shutdown unexpectedly.
00:55:58  [Apache] 	This may be due to a blocked port, missing dependencies, 
00:55:58  [Apache] 	improper privileges, a crash, or a shutdown by another method.
00:55:58  [Apache] 	Press the Logs button to view error logs and check
00:55:58  [Apache] 	the Windows Event Viewer for more clues
00:55:58  [Apache] 	If you need more help, copy and post this
00:55:58  [Apache] 	entire log window on the forums
00:56:02  [mysql] 	Status change detected: stopped
00:56:02  [mysql] 	Error: MySQL shutdown unexpectedly.
00:56:02  [mysql] 	This may be due to a blocked port, missing dependencies, 
00:56:02  [mysql] 	improper privileges, a crash, or a shutdown by another method.
00:56:02  [mysql] 	Press the Logs button to view error logs and check
00:56:02  [mysql] 	the Windows Event Viewer for more clues
00:56:02  [mysql] 	If you need more help, copy and post this
00:56:02  [mysql] 	entire log window on the forums
00:56:52  [Apache] 	Status change detected: running
00:56:52  [mysql] 	Status change detected: running
00:58:28  [Apache] 	Status change detected: stopped
00:58:28  [Apache] 	Error: Apache shutdown unexpectedly.
00:58:28  [Apache] 	This may be due to a blocked port, missing dependencies, 
00:58:28  [Apache] 	improper privileges, a crash, or a shutdown by another method.
00:58:28  [Apache] 	Press the Logs button to view error logs and check
00:58:28  [Apache] 	the Windows Event Viewer for more clues
00:58:28  [Apache] 	If you need more help, copy and post this
00:58:28  [Apache] 	entire log window on the forums
00:58:36  [mysql] 	Status change detected: stopped
00:58:36  [mysql] 	Error: MySQL shutdown unexpectedly.
00:58:36  [mysql] 	This may be due to a blocked port, missing dependencies, 
00:58:36  [mysql] 	improper privileges, a crash, or a shutdown by another method.
00:58:36  [mysql] 	Press the Logs button to view error logs and check
00:58:36  [mysql] 	the Windows Event Viewer for more clues
00:58:36  [mysql] 	If you need more help, copy and post this
00:58:36  [mysql] 	entire log window on the forums
00:58:52  [main] 	Deinitializing Modules
00:58:52  [main] 	Deinitializing Control Panel

00:46:46  [main] 	Initializing Control Panel
00:46:46  [main] 	Windows Version:  Enterprise  64-bit
00:46:46  [main] 	XAMPP Version: 7.4.25
00:46:46  [main] 	Control Panel Version: 3.3.0  [ Compiled: Apr 6th 2021 ]
00:46:46  [main] 	You are not running with administrator rights! This will work for
00:46:46  [main] 	most application stuff but whenever you do something with services
00:46:46  [main] 	there will be a security dialogue or things will break! So think 
00:46:46  [main] 	about running this application with administrator rights!
00:46:46  [main] 	XAMPP Installation Directory: "c:\users\ismael\desktop\projeto trabalhooooo\projetoinfosis\back-end\xamppserver\"
00:46:46  [main] 	WARNING: Your install directory contains spaces.  This may break programs/scripts
00:46:46  [main] 	Checking for prerequisites
00:46:46  [main] 	All prerequisites found
00:46:46  [main] 	Initializing Modules
00:46:46  [main] 	The FileZilla module is disabled
00:46:46  [main] 	The Mercury module is disabled
00:46:46  [main] 	Starting Check-Timer
00:46:46  [main] 	Control Panel Ready
00:47:14  [Apache] 	Status change detected: stopped
00:47:14  [Apache] 	Error: Apache shutdown unexpectedly.
00:47:14  [Apache] 	This may be due to a blocked port, missing dependencies, 
00:47:14  [Apache] 	improper privileges, a crash, or a shutdown by another method.
00:47:14  [Apache] 	Press the Logs button to view error logs and check
00:47:14  [Apache] 	the Windows Event Viewer for more clues
00:47:14  [Apache] 	If you need more help, copy and post this
00:47:14  [Apache] 	entire log window on the forums
00:47:16  [mysql] 	Attempting to stop MySQL app...
00:47:16  [mysql] 	Status change detected: stopped
00:47:50  [Apache] 	Status change detected: running
00:47:50  [mysql] 	Status change detected: running
00:48:22  [Apache] 	Status change detected: stopped
00:48:22  [Apache] 	Error: Apache shutdown unexpectedly.
00:48:22  [Apache] 	This may be due to a blocked port, missing dependencies, 
00:48:22  [Apache] 	improper privileges, a crash, or a shutdown by another method.
00:48:22  [Apache] 	Press the Logs button to view error logs and check
00:48:22  [Apache] 	the Windows Event Viewer for more clues
00:48:22  [Apache] 	If you need more help, copy and post this
00:48:22  [Apache] 	entire log window on the forums
00:48:25  [mysql] 	Status change detected: stopped
00:49:31  [Apache] 	Status change detected: running
00:49:31  [mysql] 	Status change detected: running
00:50:31  [Apache] 	Status change detected: stopped
00:50:31  [Apache] 	Error: Apache shutdown unexpectedly.
00:50:31  [Apache] 	This may be due to a blocked port, missing dependencies, 
00:50:31  [Apache] 	improper privileges, a crash, or a shutdown by another method.
00:50:31  [Apache] 	Press the Logs button to view error logs and check
00:50:31  [Apache] 	the Windows Event Viewer for more clues
00:50:31  [Apache] 	If you need more help, copy and post this
00:50:31  [Apache] 	entire log window on the forums
00:51:44  [mysql] 	Status change detected: stopped
00:55:18  [Apache] 	Status change detected: running
00:55:18  [mysql] 	Status change detected: running
00:55:58  [Apache] 	Status change detected: stopped
00:55:58  [Apache] 	Error: Apache shutdown unexpectedly.
00:55:58  [Apache] 	This may be due to a blocked port, missing dependencies, 
00:55:58  [Apache] 	improper privileges, a crash, or a shutdown by another method.
00:55:58  [Apache] 	Press the Logs button to view error logs and check
00:55:58  [Apache] 	the Windows Event Viewer for more clues
00:55:58  [Apache] 	If you need more help, copy and post this
00:55:58  [Apache] 	entire log window on the forums
00:56:02  [mysql] 	Status change detected: stopped
00:56:52  [Apache] 	Status change detected: running
00:56:52  [mysql] 	Status change detected: running
00:58:28  [Apache] 	Status change detected: stopped
00:58:28  [Apache] 	Error: Apache shutdown unexpectedly.
00:58:28  [Apache] 	This may be due to a blocked port, missing dependencies, 
00:58:28  [Apache] 	improper privileges, a crash, or a shutdown by another method.
00:58:28  [Apache] 	Press the Logs button to view error logs and check
00:58:28  [Apache] 	the Windows Event Viewer for more clues
00:58:28  [Apache] 	If you need more help, copy and post this
00:58:28  [Apache] 	entire log window on the forums
00:58:36  [mysql] 	Status change detected: stopped
00:58:52  [main] 	Deinitializing Modules
00:58:52  [main] 	Deinitializing Control Panel

00:00:15  [main] 	Initializing Control Panel
00:00:15  [main] 	Windows Version:  Enterprise  64-bit
00:00:15  [main] 	XAMPP Version: 7.4.25
00:00:15  [main] 	Control Panel Version: 3.3.0  [ Compiled: Apr 6th 2021 ]
00:00:15  [main] 	You are not running with administrator rights! This will work for
00:00:15  [main] 	most application stuff but whenever you do something with services
00:00:15  [main] 	there will be a security dialogue or things will break! So think 
00:00:15  [main] 	about running this application with administrator rights!
00:00:15  [main] 	XAMPP Installation Directory: "c:\users\ismael\desktop\projeto trabalhooooo\projetoinfosis\back-end\xamppserver\"
00:00:15  [main] 	WARNING: Your install directory contains spaces.  This may break programs/scripts
00:00:15  [main] 	Checking for prerequisites
00:00:15  [main] 	All prerequisites found
00:00:15  [main] 	Initializing Modules
00:00:15  [main] 	The FileZilla module is disabled
00:00:15  [main] 	The Mercury module is disabled
00:00:15  [main] 	Starting Check-Timer
00:00:15  [main] 	Control Panel Ready
00:02:12  [Apache] 	Status change detected: running
00:02:12  [mysql] 	Status change detected: running
00:03:01  [Apache] 	Status change detected: stopped
00:03:01  [Apache] 	Error: Apache shutdown unexpectedly.
00:03:01  [Apache] 	This may be due to a blocked port, missing dependencies, 
00:03:01  [Apache] 	improper privileges, a crash, or a shutdown by another method.
00:03:01  [Apache] 	Press the Logs button to view error logs and check
00:03:01  [Apache] 	the Windows Event Viewer for more clues
00:03:01  [Apache] 	If you need more help, copy and post this
00:03:01  [Apache] 	entire log window on the forums
00:03:06  [mysql] 	Status change detected: stopped
00:03:06  [mysql] 	Error: MySQL shutdown unexpectedly.
00:03:06  [mysql] 	This may be due to a blocked port, missing dependencies, 
00:03:06  [mysql] 	improper privileges, a crash, or a shutdown by another method.
00:03:06  [mysql] 	Press the Logs button to view error logs and check
00:03:06  [mysql] 	the Windows Event Viewer for more clues
00:03:06  [mysql] 	If you need more help, copy and post this
00:03:06  [mysql] 	entire log window on the forums
00:03:16  [Apache] 	Status change detected: running
00:03:16  [mysql] 	Status change detected: running
00:04:27  [mysql] 	Status change detected: stopped
00:04:27  [mysql] 	Error: MySQL shutdown unexpectedly.
00:04:27  [mysql] 	This may be due to a blocked port, missing dependencies, 
00:04:27  [mysql] 	improper privileges, a crash, or a shutdown by another method.
00:04:27  [mysql] 	Press the Logs button to view error logs and check
00:04:27  [mysql] 	the Windows Event Viewer for more clues
00:04:27  [mysql] 	If you need more help, copy and post this
00:04:27  [mysql] 	entire log window on the forums
00:04:28  [mysql] 	Status change detected: running
00:05:28  [Apache] 	Status change detected: stopped
00:05:28  [Apache] 	Error: Apache shutdown unexpectedly.
00:05:28  [Apache] 	This may be due to a blocked port, missing dependencies, 
00:05:28  [Apache] 	improper privileges, a crash, or a shutdown by another method.
00:05:28  [Apache] 	Press the Logs button to view error logs and check
00:05:28  [Apache] 	the Windows Event Viewer for more clues
00:05:28  [Apache] 	If you need more help, copy and post this
00:05:28  [Apache] 	entire log window on the forums
00:05:29  [mysql] 	Status change detected: stopped
00:05:29  [mysql] 	Error: MySQL shutdown unexpectedly.
00:05:29  [mysql] 	This may be due to a blocked port, missing dependencies, 
00:05:29  [mysql] 	improper privileges, a crash, or a shutdown by another method.
00:05:29  [mysql] 	Press the Logs button to view error logs and check
00:05:29  [mysql] 	the Windows Event Viewer for more clues
00:05:29  [mysql] 	If you need more help, copy and post this
00:05:29  [mysql] 	entire log window on the forums
00:09:08  [Apache] 	Status change detected: running
00:09:08  [mysql] 	Status change detected: running
00:09:40  [Apache] 	Status change detected: stopped
00:09:40  [Apache] 	Error: Apache shutdown unexpectedly.
00:09:40  [Apache] 	This may be due to a blocked port, missing dependencies, 
00:09:40  [Apache] 	improper privileges, a crash, or a shutdown by another method.
00:09:40  [Apache] 	Press the Logs button to view error logs and check
00:09:40  [Apache] 	the Windows Event Viewer for more clues
00:09:40  [Apache] 	If you need more help, copy and post this
00:09:40  [Apache] 	entire log window on the forums
00:09:45  [Apache] 	Status change detected: running
00:13:29  [Apache] 	Status change detected: stopped
00:13:29  [Apache] 	Error: Apache shutdown unexpectedly.
00:13:29  [Apache] 	This may be due to a blocked port, missing dependencies, 
00:13:29  [Apache] 	improper privileges, a crash, or a shutdown by another method.
00:13:29  [Apache] 	Press the Logs button to view error logs and check
00:13:29  [Apache] 	the Windows Event Viewer for more clues
00:13:30  [Apache] 	If you need more help, copy and post this
00:13:30  [Apache] 	entire log window on the forums
00:13:36  [mysql] 	Status change detected: stopped
00:13:36  [mysql] 	Error: MySQL shutdown unexpectedly.
00:13:36  [mysql] 	This may be due to a blocked port, missing dependencies, 
00:13:36  [mysql] 	improper privileges, a crash, or a shutdown by another method.
00:13:36  [mysql] 	Press the Logs button to view error logs and check
00:13:36  [mysql] 	the Windows Event Viewer for more clues
00:13:36  [mysql] 	If you need more help, copy and post this
00:13:36  [mysql] 	entire log window on the forums
00:20:21  [Apache] 	Status change detected: running
00:20:21  [mysql] 	Status change detected: running
00:22:13  [mysql] 	Status change detected: stopped
00:22:13  [mysql] 	Error: MySQL shutdown unexpectedly.
00:22:14  [mysql] 	This may be due to a blocked port, missing dependencies, 
00:22:14  [mysql] 	improper privileges, a crash, or a shutdown by another method.
00:22:14  [mysql] 	Press the Logs button to view error logs and check
00:22:14  [mysql] 	the Windows Event Viewer for more clues
00:22:14  [mysql] 	If you need more help, copy and post this
00:22:14  [mysql] 	entire log window on the forums
00:22:30  [Apache] 	Status change detected: stopped
00:22:30  [Apache] 	Error: Apache shutdown unexpectedly.
00:22:30  [Apache] 	This may be due to a blocked port, missing dependencies, 
00:22:30  [Apache] 	improper privileges, a crash, or a shutdown by another method.
00:22:30  [Apache] 	Press the Logs button to view error logs and check
00:22:30  [Apache] 	the Windows Event Viewer for more clues
00:22:30  [Apache] 	If you need more help, copy and post this
00:22:30  [Apache] 	entire log window on the forums
00:22:40  [Apache] 	Status change detected: running
00:22:40  [mysql] 	Status change detected: running
00:24:31  [Apache] 	Status change detected: stopped
00:24:31  [Apache] 	Error: Apache shutdown unexpectedly.
00:24:31  [Apache] 	This may be due to a blocked port, missing dependencies, 
00:24:31  [Apache] 	improper privileges, a crash, or a shutdown by another method.
00:24:31  [Apache] 	Press the Logs button to view error logs and check
00:24:31  [Apache] 	the Windows Event Viewer for more clues
00:24:31  [Apache] 	If you need more help, copy and post this
00:24:31  [Apache] 	entire log window on the forums
00:39:35  [Apache] 	Status change detected: running
00:43:29  [Apache] 	Status change detected: stopped
00:43:29  [Apache] 	Error: Apache shutdown unexpectedly.
00:43:29  [Apache] 	This may be due to a blocked port, missing dependencies, 
00:43:29  [Apache] 	improper privileges, a crash, or a shutdown by another method.
00:43:29  [Apache] 	Press the Logs button to view error logs and check
00:43:29  [Apache] 	the Windows Event Viewer for more clues
00:43:29  [Apache] 	If you need more help, copy and post this
00:43:29  [Apache] 	entire log window on the forums
00:43:52  [Apache] 	Status change detected: running
00:45:11  [Apache] 	Status change detected: stopped
00:45:11  [Apache] 	Error: Apache shutdown unexpectedly.
00:45:11  [Apache] 	This may be due to a blocked port, missing dependencies, 
00:45:11  [Apache] 	improper privileges, a crash, or a shutdown by another method.
00:45:11  [Apache] 	Press the Logs button to view error logs and check
00:45:11  [Apache] 	the Windows Event Viewer for more clues
00:45:11  [Apache] 	If you need more help, copy and post this
00:45:11  [Apache] 	entire log window on the forums
00:45:11  [mysql] 	Status change detected: stopped
00:45:11  [mysql] 	Error: MySQL shutdown unexpectedly.
00:45:11  [mysql] 	This may be due to a blocked port, missing dependencies, 
00:45:11  [mysql] 	improper privileges, a crash, or a shutdown by another method.
00:45:11  [mysql] 	Press the Logs button to view error logs and check
00:45:11  [mysql] 	the Windows Event Viewer for more clues
00:45:11  [mysql] 	If you need more help, copy and post this
00:45:11  [mysql] 	entire log window on the forums
00:46:46  [Apache] 	Status change detected: running
00:46:46  [mysql] 	Status change detected: running
00:47:14  [Apache] 	Status change detected: stopped
00:47:14  [Apache] 	Error: Apache shutdown unexpectedly.
00:47:14  [Apache] 	This may be due to a blocked port, missing dependencies, 
00:47:15  [Apache] 	improper privileges, a crash, or a shutdown by another method.
00:47:15  [Apache] 	Press the Logs button to view error logs and check
00:47:15  [Apache] 	the Windows Event Viewer for more clues
00:47:15  [Apache] 	If you need more help, copy and post this
00:47:15  [Apache] 	entire log window on the forums
00:47:16  [mysql] 	Status change detected: stopped
00:47:16  [mysql] 	Error: MySQL shutdown unexpectedly.
00:47:16  [mysql] 	This may be due to a blocked port, missing dependencies, 
00:47:16  [mysql] 	improper privileges, a crash, or a shutdown by another method.
00:47:17  [mysql] 	Press the Logs button to view error logs and check
00:47:17  [mysql] 	the Windows Event Viewer for more clues
00:47:17  [mysql] 	If you need more help, copy and post this
00:47:17  [mysql] 	entire log window on the forums
00:47:50  [Apache] 	Status change detected: running
00:47:50  [mysql] 	Status change detected: running
00:48:22  [Apache] 	Status change detected: stopped
00:48:22  [Apache] 	Error: Apache shutdown unexpectedly.
00:48:22  [Apache] 	This may be due to a blocked port, missing dependencies, 
00:48:22  [Apache] 	improper privileges, a crash, or a shutdown by another method.
00:48:22  [Apache] 	Press the Logs button to view error logs and check
00:48:22  [Apache] 	the Windows Event Viewer for more clues
00:48:22  [Apache] 	If you need more help, copy and post this
00:48:22  [Apache] 	entire log window on the forums
00:48:25  [mysql] 	Status change detected: stopped
00:48:25  [mysql] 	Error: MySQL shutdown unexpectedly.
00:48:25  [mysql] 	This may be due to a blocked port, missing dependencies, 
00:48:25  [mysql] 	improper privileges, a crash, or a shutdown by another method.
00:48:25  [mysql] 	Press the Logs button to view error logs and check
00:48:25  [mysql] 	the Windows Event Viewer for more clues
00:48:25  [mysql] 	If you need more help, copy and post this
00:48:25  [mysql] 	entire log window on the forums
00:49:31  [Apache] 	Status change detected: running
00:49:31  [mysql] 	Status change detected: running
00:50:31  [Apache] 	Status change detected: stopped
00:50:31  [Apache] 	Error: Apache shutdown unexpectedly.
00:50:31  [Apache] 	This may be due to a blocked port, missing dependencies, 
00:50:31  [Apache] 	improper privileges, a crash, or a shutdown by another method.
00:50:31  [Apache] 	Press the Logs button to view error logs and check
00:50:31  [Apache] 	the Windows Event Viewer for more clues
00:50:31  [Apache] 	If you need more help, copy and post this
00:50:31  [Apache] 	entire log window on the forums
00:51:44  [mysql] 	Status change detected: stopped
00:51:44  [mysql] 	Error: MySQL shutdown unexpectedly.
00:51:44  [mysql] 	This may be due to a blocked port, missing dependencies, 
00:51:44  [mysql] 	improper privileges, a crash, or a shutdown by another method.
00:51:44  [mysql] 	Press the Logs button to view error logs and check
00:51:44  [mysql] 	the Windows Event Viewer for more clues
00:51:44  [mysql] 	If you need more help, copy and post this
00:51:44  [mysql] 	entire log window on the forums
00:55:18  [Apache] 	Status change detected: running
00:55:18  [mysql] 	Status change detected: running
00:55:58  [Apache] 	Status change detected: stopped
00:55:58  [Apache] 	Error: Apache shutdown unexpectedly.
00:55:58  [Apache] 	This may be due to a blocked port, missing dependencies, 
00:55:58  [Apache] 	improper privileges, a crash, or a shutdown by another method.
00:55:58  [Apache] 	Press the Logs button to view error logs and check
00:55:58  [Apache] 	the Windows Event Viewer for more clues
00:55:58  [Apache] 	If you need more help, copy and post this
00:55:58  [Apache] 	entire log window on the forums
00:56:02  [mysql] 	Status change detected: stopped
00:56:02  [mysql] 	Error: MySQL shutdown unexpectedly.
00:56:02  [mysql] 	This may be due to a blocked port, missing dependencies, 
00:56:02  [mysql] 	improper privileges, a crash, or a shutdown by another method.
00:56:02  [mysql] 	Press the Logs button to view error logs and check
00:56:02  [mysql] 	the Windows Event Viewer for more clues
00:56:02  [mysql] 	If you need more help, copy and post this
00:56:02  [mysql] 	entire log window on the forums
00:56:52  [Apache] 	Status change detected: running
00:56:52  [mysql] 	Status change detected: running
00:58:28  [Apache] 	Status change detected: stopped
00:58:28  [Apache] 	Error: Apache shutdown unexpectedly.
00:58:28  [Apache] 	This may be due to a blocked port, missing dependencies, 
00:58:28  [Apache] 	improper privileges, a crash, or a shutdown by another method.
00:58:28  [Apache] 	Press the Logs button to view error logs and check
00:58:28  [Apache] 	the Windows Event Viewer for more clues
00:58:28  [Apache] 	If you need more help, copy and post this
00:58:28  [Apache] 	entire log window on the forums
00:58:36  [mysql] 	Status change detected: stopped
00:58:36  [mysql] 	Error: MySQL shutdown unexpectedly.
00:58:36  [mysql] 	This may be due to a blocked port, missing dependencies, 
00:58:36  [mysql] 	improper privileges, a crash, or a shutdown by another method.
00:58:36  [mysql] 	Press the Logs button to view error logs and check
00:58:36  [mysql] 	the Windows Event Viewer for more clues
00:58:36  [mysql] 	If you need more help, copy and post this
00:58:36  [mysql] 	entire log window on the forums
00:58:52  [main] 	Deinitializing Modules
00:58:52  [main] 	Deinitializing Control Panel

00:09:45  [main] 	Initializing Control Panel
00:09:45  [main] 	Windows Version:  Enterprise  64-bit
00:09:45  [main] 	XAMPP Version: 7.4.25
00:09:45  [main] 	Control Panel Version: 3.3.0  [ Compiled: Apr 6th 2021 ]
00:09:45  [main] 	You are not running with administrator rights! This will work for
00:09:45  [main] 	most application stuff but whenever you do something with services
00:09:45  [main] 	there will be a security dialogue or things will break! So think 
00:09:45  [main] 	about running this application with administrator rights!
00:09:45  [main] 	XAMPP Installation Directory: "c:\users\ismael\desktop\projeto trabalhooooo\projetoinfosis\back-end\xamppserver\"
00:09:45  [main] 	WARNING: Your install directory contains spaces.  This may break programs/scripts
00:09:45  [main] 	Checking for prerequisites
00:09:45  [main] 	All prerequisites found
00:09:45  [main] 	Initializing Modules
00:09:45  [mysql] 	XAMPP MySQL is already running on port 3306
00:09:45  [main] 	The FileZilla module is disabled
00:09:45  [main] 	The Mercury module is disabled
00:09:45  [main] 	Starting Check-Timer
00:09:45  [main] 	Control Panel Ready
00:13:29  [Apache] 	Status change detected: stopped
00:13:29  [Apache] 	Error: Apache shutdown unexpectedly.
00:13:29  [Apache] 	This may be due to a blocked port, missing dependencies, 
00:13:29  [Apache] 	improper privileges, a crash, or a shutdown by another method.
00:13:29  [Apache] 	Press the Logs button to view error logs and check
00:13:29  [Apache] 	the Windows Event Viewer for more clues
00:13:30  [Apache] 	If you need more help, copy and post this
00:13:30  [Apache] 	entire log window on the forums
00:13:36  [mysql] 	Attempting to stop MySQL app...
00:13:36  [mysql] 	Status change detected: stopped
00:20:21  [Apache] 	Status change detected: running
00:20:21  [mysql] 	Status change detected: running
00:22:13  [mysql] 	Status change detected: stopped
00:22:30  [Apache] 	Status change detected: stopped
00:22:30  [Apache] 	Error: Apache shutdown unexpectedly.
00:22:30  [Apache] 	This may be due to a blocked port, missing dependencies, 
00:22:30  [Apache] 	improper privileges, a crash, or a shutdown by another method.
00:22:30  [Apache] 	Press the Logs button to view error logs and check
00:22:30  [Apache] 	the Windows Event Viewer for more clues
00:22:30  [Apache] 	If you need more help, copy and post this
00:22:30  [Apache] 	entire log window on the forums
00:22:40  [Apache] 	Status change detected: running
00:22:40  [mysql] 	Status change detected: running
00:24:31  [Apache] 	Status change detected: stopped
00:24:31  [Apache] 	Error: Apache shutdown unexpectedly.
00:24:31  [Apache] 	This may be due to a blocked port, missing dependencies, 
00:24:31  [Apache] 	improper privileges, a crash, or a shutdown by another method.
00:24:31  [Apache] 	Press the Logs button to view error logs and check
00:24:31  [Apache] 	the Windows Event Viewer for more clues
00:24:31  [Apache] 	If you need more help, copy and post this
00:24:31  [Apache] 	entire log window on the forums
00:39:35  [Apache] 	Status change detected: running
00:43:29  [Apache] 	Status change detected: stopped
00:43:29  [Apache] 	Error: Apache shutdown unexpectedly.
00:43:29  [Apache] 	This may be due to a blocked port, missing dependencies, 
00:43:29  [Apache] 	improper privileges, a crash, or a shutdown by another method.
00:43:29  [Apache] 	Press the Logs button to view error logs and check
00:43:29  [Apache] 	the Windows Event Viewer for more clues
00:43:29  [Apache] 	If you need more help, copy and post this
00:43:29  [Apache] 	entire log window on the forums
00:43:52  [Apache] 	Status change detected: running
00:45:11  [Apache] 	Status change detected: stopped
00:45:11  [Apache] 	Error: Apache shutdown unexpectedly.
00:45:11  [Apache] 	This may be due to a blocked port, missing dependencies, 
00:45:11  [Apache] 	improper privileges, a crash, or a shutdown by another method.
00:45:11  [Apache] 	Press the Logs button to view error logs and check
00:45:11  [Apache] 	the Windows Event Viewer for more clues
00:45:11  [Apache] 	If you need more help, copy and post this
00:45:11  [Apache] 	entire log window on the forums
00:45:11  [mysql] 	Status change detected: stopped
00:46:46  [Apache] 	Status change detected: running
00:46:46  [mysql] 	Status change detected: running
00:47:14  [Apache] 	Status change detected: stopped
00:47:14  [Apache] 	Error: Apache shutdown unexpectedly.
00:47:14  [Apache] 	This may be due to a blocked port, missing dependencies, 
00:47:14  [Apache] 	improper privileges, a crash, or a shutdown by another method.
00:47:14  [Apache] 	Press the Logs button to view error logs and check
00:47:15  [Apache] 	the Windows Event Viewer for more clues
00:47:15  [Apache] 	If you need more help, copy and post this
00:47:15  [Apache] 	entire log window on the forums
00:47:16  [mysql] 	Status change detected: stopped
00:47:50  [Apache] 	Status change detected: running
00:47:50  [mysql] 	Status change detected: running
00:48:22  [Apache] 	Status change detected: stopped
00:48:22  [Apache] 	Error: Apache shutdown unexpectedly.
00:48:22  [Apache] 	This may be due to a blocked port, missing dependencies, 
00:48:22  [Apache] 	improper privileges, a crash, or a shutdown by another method.
00:48:22  [Apache] 	Press the Logs button to view error logs and check
00:48:22  [Apache] 	the Windows Event Viewer for more clues
00:48:22  [Apache] 	If you need more help, copy and post this
00:48:22  [Apache] 	entire log window on the forums
00:48:25  [mysql] 	Status change detected: stopped
00:49:31  [Apache] 	Status change detected: running
00:49:31  [mysql] 	Status change detected: running
00:50:31  [Apache] 	Status change detected: stopped
00:50:31  [Apache] 	Error: Apache shutdown unexpectedly.
00:50:31  [Apache] 	This may be due to a blocked port, missing dependencies, 
00:50:31  [Apache] 	improper privileges, a crash, or a shutdown by another method.
00:50:31  [Apache] 	Press the Logs button to view error logs and check
00:50:31  [Apache] 	the Windows Event Viewer for more clues
00:50:31  [Apache] 	If you need more help, copy and post this
00:50:31  [Apache] 	entire log window on the forums
00:51:44  [mysql] 	Status change detected: stopped
00:55:18  [Apache] 	Status change detected: running
00:55:18  [mysql] 	Status change detected: running
00:55:58  [Apache] 	Status change detected: stopped
00:55:58  [Apache] 	Error: Apache shutdown unexpectedly.
00:55:58  [Apache] 	This may be due to a blocked port, missing dependencies, 
00:55:58  [Apache] 	improper privileges, a crash, or a shutdown by another method.
00:55:58  [Apache] 	Press the Logs button to view error logs and check
00:55:58  [Apache] 	the Windows Event Viewer for more clues
00:55:58  [Apache] 	If you need more help, copy and post this
00:55:58  [Apache] 	entire log window on the forums
00:56:02  [mysql] 	Status change detected: stopped
00:56:52  [Apache] 	Status change detected: running
00:56:52  [mysql] 	Status change detected: running
00:58:28  [Apache] 	Status change detected: stopped
00:58:28  [Apache] 	Error: Apache shutdown unexpectedly.
00:58:28  [Apache] 	This may be due to a blocked port, missing dependencies, 
00:58:28  [Apache] 	improper privileges, a crash, or a shutdown by another method.
00:58:28  [Apache] 	Press the Logs button to view error logs and check
00:58:28  [Apache] 	the Windows Event Viewer for more clues
00:58:28  [Apache] 	If you need more help, copy and post this
00:58:28  [Apache] 	entire log window on the forums
00:58:36  [mysql] 	Status change detected: stopped
00:58:52  [main] 	Deinitializing Modules
00:58:52  [main] 	Deinitializing Control Panel

00:43:52  [main] 	Initializing Control Panel
00:43:52  [main] 	Windows Version:  Enterprise  64-bit
00:43:52  [main] 	XAMPP Version: 7.4.25
00:43:52  [main] 	Control Panel Version: 3.3.0  [ Compiled: Apr 6th 2021 ]
00:43:52  [main] 	You are not running with administrator rights! This will work for
00:43:52  [main] 	most application stuff but whenever you do something with services
00:43:52  [main] 	there will be a security dialogue or things will break! So think 
00:43:52  [main] 	about running this application with administrator rights!
00:43:52  [main] 	XAMPP Installation Directory: "c:\users\ismael\desktop\projeto trabalhooooo\projetoinfosis\back-end\xamppserver\"
00:43:52  [main] 	WARNING: Your install directory contains spaces.  This may break programs/scripts
00:43:52  [main] 	Checking for prerequisites
00:43:52  [main] 	All prerequisites found
00:43:52  [main] 	Initializing Modules
00:43:52  [mysql] 	XAMPP MySQL is already running on port 3306
00:43:52  [main] 	The FileZilla module is disabled
00:43:52  [main] 	The Mercury module is disabled
00:43:52  [main] 	Starting Check-Timer
00:43:52  [main] 	Control Panel Ready
00:45:10  [Apache] 	Attempting to stop Apache (PID: 4848)
00:45:10  [Apache] 	Attempting to stop Apache (PID: 11892)
00:45:11  [Apache] 	Status change detected: stopped
00:45:11  [mysql] 	Attempting to stop MySQL app...
00:45:11  [mysql] 	Status change detected: stopped
00:46:46  [Apache] 	Status change detected: running
00:46:46  [mysql] 	Status change detected: running
00:47:14  [Apache] 	Status change detected: stopped
00:47:16  [mysql] 	Status change detected: stopped
00:47:50  [Apache] 	Status change detected: running
00:47:50  [mysql] 	Status change detected: running
00:48:22  [Apache] 	Status change detected: stopped
00:48:25  [mysql] 	Status change detected: stopped
00:49:31  [Apache] 	Status change detected: running
00:49:31  [mysql] 	Status change detected: running
00:50:31  [Apache] 	Status change detected: stopped
00:51:44  [mysql] 	Status change detected: stopped
00:55:18  [Apache] 	Status change detected: running
00:55:18  [mysql] 	Status change detected: running
00:55:58  [Apache] 	Status change detected: stopped
00:56:02  [mysql] 	Status change detected: stopped
00:56:52  [Apache] 	Status change detected: running
00:56:52  [mysql] 	Status change detected: running
00:58:28  [Apache] 	Status change detected: stopped
00:58:36  [mysql] 	Status change detected: stopped
00:58:52  [main] 	Deinitializing Modules
00:58:52  [main] 	Deinitializing Control Panel

00:55:18  [main] 	Initializing Control Panel
00:55:18  [main] 	Windows Version:  Enterprise  64-bit
00:55:18  [main] 	XAMPP Version: 7.4.25
00:55:18  [main] 	Control Panel Version: 3.3.0  [ Compiled: Apr 6th 2021 ]
00:55:18  [main] 	You are not running with administrator rights! This will work for
00:55:18  [main] 	most application stuff but whenever you do something with services
00:55:18  [main] 	there will be a security dialogue or things will break! So think 
00:55:18  [main] 	about running this application with administrator rights!
00:55:18  [main] 	XAMPP Installation Directory: "c:\users\ismael\desktop\projeto trabalhooooo\projetoinfosis\back-end\xamppserver\"
00:55:18  [main] 	WARNING: Your install directory contains spaces.  This may break programs/scripts
00:55:18  [main] 	Checking for prerequisites
00:55:18  [main] 	All prerequisites found
00:55:18  [main] 	Initializing Modules
00:55:18  [main] 	The FileZilla module is disabled
00:55:18  [main] 	The Mercury module is disabled
00:55:18  [main] 	Starting Check-Timer
00:55:18  [main] 	Control Panel Ready
00:55:58  [Apache] 	Status change detected: stopped
00:55:58  [Apache] 	Error: Apache shutdown unexpectedly.
00:55:58  [Apache] 	This may be due to a blocked port, missing dependencies, 
00:55:58  [Apache] 	improper privileges, a crash, or a shutdown by another method.
00:55:58  [Apache] 	Press the Logs button to view error logs and check
00:55:58  [Apache] 	the Windows Event Viewer for more clues
00:55:58  [Apache] 	If you need more help, copy and post this
00:55:58  [Apache] 	entire log window on the forums
00:56:02  [mysql] 	Attempting to stop MySQL app...
00:56:02  [mysql] 	Status change detected: stopped
00:56:52  [Apache] 	Status change detected: running
00:56:52  [mysql] 	Status change detected: running
00:58:28  [Apache] 	Status change detected: stopped
00:58:28  [Apache] 	Error: Apache shutdown unexpectedly.
00:58:28  [Apache] 	This may be due to a blocked port, missing dependencies, 
00:58:28  [Apache] 	improper privileges, a crash, or a shutdown by another method.
00:58:28  [Apache] 	Press the Logs button to view error logs and check
00:58:28  [Apache] 	the Windows Event Viewer for more clues
00:58:28  [Apache] 	If you need more help, copy and post this
00:58:28  [Apache] 	entire log window on the forums
00:58:36  [mysql] 	Status change detected: stopped
00:58:52  [main] 	Deinitializing Modules
00:58:52  [main] 	Deinitializing Control Panel

20:54:18  [main] 	Initializing Control Panel
20:54:18  [main] 	Windows Version:  Enterprise  64-bit
20:54:18  [main] 	XAMPP Version: 7.4.25
20:54:18  [main] 	Control Panel Version: 3.3.0  [ Compiled: Apr 6th 2021 ]
20:54:18  [main] 	You are not running with administrator rights! This will work for
20:54:18  [main] 	most application stuff but whenever you do something with services
20:54:18  [main] 	there will be a security dialogue or things will break! So think 
20:54:18  [main] 	about running this application with administrator rights!
20:54:18  [main] 	XAMPP Installation Directory: "c:\users\ismael\desktop\projeto trabalhooooo\projetoinfosis\back-end\xamppserver\"
20:54:18  [main] 	WARNING: Your install directory contains spaces.  This may break programs/scripts
20:54:18  [main] 	Checking for prerequisites
20:54:18  [main] 	All prerequisites found
20:54:18  [main] 	Initializing Modules
20:54:18  [main] 	The FileZilla module is disabled
20:54:18  [main] 	The Mercury module is disabled
20:54:18  [main] 	Starting Check-Timer
20:54:18  [main] 	Control Panel Ready
02:37:26  [Apache] 	Status change detected: stopped
02:37:26  [Apache] 	Error: Apache shutdown unexpectedly.
02:37:26  [Apache] 	This may be due to a blocked port, missing dependencies, 
02:37:26  [Apache] 	improper privileges, a crash, or a shutdown by another method.
02:37:26  [Apache] 	Press the Logs button to view error logs and check
02:37:26  [Apache] 	the Windows Event Viewer for more clues
02:37:26  [Apache] 	If you need more help, copy and post this
02:37:26  [Apache] 	entire log window on the forums
02:37:44  [main] 	Deinitializing Modules
02:37:44  [main] 	Deinitializing Control Panel

