2021-10-28 22:24:12 0 [Note] InnoDB: Mutexes and rw_locks use Windows interlocked functions
2021-10-28 22:24:12 0 [Note] InnoDB: Uses event mutexes
2021-10-28 22:24:12 0 [Note] InnoDB: Compressed tables use zlib 1.2.11
2021-10-28 22:24:12 0 [Note] InnoDB: Number of pools: 1
2021-10-28 22:24:12 0 [Note] InnoDB: Using SSE2 crc32 instructions
2021-10-28 22:24:12 0 [Note] InnoDB: Initializing buffer pool, total size = 128M, instances = 1, chunk size = 128M
2021-10-28 22:24:12 0 [Note] InnoDB: Completed initialization of buffer pool
2021-10-28 22:24:12 0 [Note] InnoDB: Starting crash recovery from checkpoint LSN=300288
2021-10-28 22:24:13 0 [Note] InnoDB: Resizing redo log from 2*5242880 to 2*50331648 bytes; LSN=300306
2021-10-28 22:24:13 0 [Note] InnoDB: Starting to delete and rewrite log files.
2021-10-28 22:24:13 0 [Note] InnoDB: Setting log file .\ib_logfile101 size to 50331648 bytes
2021-10-28 22:24:13 0 [Note] InnoDB: Setting log file .\ib_logfile1 size to 50331648 bytes
2021-10-28 22:24:13 0 [Note] InnoDB: Renaming log file .\ib_logfile101 to .\ib_logfile0
2021-10-28 22:24:13 0 [Note] InnoDB: New log files created, LSN=300306
2021-10-28 22:24:13 0 [Note] InnoDB: 128 out of 128 rollback segments are active.
2021-10-28 22:24:13 0 [Note] InnoDB: Removed temporary tablespace data file: "ibtmp1"
2021-10-28 22:24:13 0 [Note] InnoDB: Creating shared tablespace for temporary tables
2021-10-28 22:24:13 0 [Note] InnoDB: Setting file '.\ibtmp1' size to 12 MB. Physically writing the file full; Please wait ...
2021-10-28 22:24:13 0 [Note] InnoDB: File '.\ibtmp1' size is now 12 MB.
2021-10-28 22:24:13 0 [Note] InnoDB: Waiting for purge to start
2021-10-28 22:24:13 0 [Note] InnoDB: 10.4.21 started; log sequence number 300306; transaction id 170
2021-10-28 22:24:13 0 [Note] InnoDB: Loading buffer pool(s) from C:\Users\Ismael\Desktop\projeto trabalhooooo\projetoinfosis\back-end\xampp-portable-windows-x64-7.4.25-0-vc15\xampp\mysql\data\ib_buffer_pool
2021-10-28 22:24:13 0 [Note] Plugin 'FEEDBACK' is disabled.
ERROR: 1471  The target table user of the INSERT is not insertable-into
2021-10-28 22:24:13 0 [ERROR] Aborting
